<?xml version="1.0" encoding="UTF-8"?>
<!-- Generated by org.testng.reporters.JUnitReportReporter -->
<testsuite hostname="LAPTOP-U40NT7ML" failures="0" tests="6" name="com.ashok.service.UserGroupServiceTest" time="0.028" errors="0" timestamp="2024-11-03T12:06:32 IST" skipped="0">
  <testcase classname="com.ashok.service.UserGroupServiceTest" name="addUserGroupWhenCreatedSuccessfully" time="0.019"/>
  <system-out/>
  <testcase classname="com.ashok.service.UserGroupServiceTest" name="addUserGroupWhenSpecifiedRoleDoesNotExist" time="0.002"/>
  <system-out/>
  <testcase classname="com.ashok.service.UserGroupServiceTest" name="addUserGroupWhenUserGroupAlreadyExists" time="0.002"/>
  <system-out/>
  <testcase classname="com.ashok.service.UserGroupServiceTest" name="updateUserGroupWhenUserGroupDoesNotExists" time="0.002"/>
  <system-out/>
  <testcase classname="com.ashok.service.UserGroupServiceTest" name="updateUserGroupWhenSpecifiedRoleDoesNotExist" time="0.001"/>
  <system-out/>
  <testcase classname="com.ashok.service.UserGroupServiceTest" name="updateUserWhenCreatedSuccessfully" time="0.002"/>
  <system-out/>
</testsuite> <!-- com.ashok.service.UserGroupServiceTest -->
