<?xml version="1.0" encoding="UTF-8"?>
<!-- Generated by org.testng.reporters.JUnitReportReporter -->
<testsuite hostname="LAPTOP-U40NT7ML" failures="0" tests="4" name="com.ashok.service.WorkflowServiceTest" time="0.018" errors="0" timestamp="2024-11-03T12:14:20 IST" skipped="0">
  <testcase classname="com.ashok.service.WorkflowServiceTest" name="updateWorkflowWhenWorkflowCreatedSuccessfully" time="0.000"/>
  <system-out/>
  <testcase classname="com.ashok.service.WorkflowServiceTest" name="addWorkflowWhenWorkflowCreatedSuccessfully" time="0.003"/>
  <system-out/>
  <testcase classname="com.ashok.service.WorkflowServiceTest" name="addWorkflowWhenWorkflowAlreadyExists" time="0.014"/>
  <system-out/>
  <testcase classname="com.ashok.service.WorkflowServiceTest" name="updateWorkflowWhenWorkflowDoesNotExists" time="0.001"/>
  <system-out/>
</testsuite> <!-- com.ashok.service.WorkflowServiceTest -->
