<?xml version="1.0" encoding="UTF-8"?>
<!-- Generated by org.testng.reporters.JUnitReportReporter -->
<testsuite hostname="LAPTOP-U40NT7ML" failures="0" tests="8" name="com.ashok.service.UserServiceTest" time="0.035" errors="0" timestamp="2024-11-03T11:31:09 IST" skipped="0">
  <testcase classname="com.ashok.service.UserServiceTest" name="addUserWhenSpecifiedUserGroupDoesNotExist" time="0.002"/>
  <system-out/>
  <testcase classname="com.ashok.service.UserServiceTest" name="updateUserWhenUserCreatedSuccessfully" time="0.003"/>
  <system-out/>
  <testcase classname="com.ashok.service.UserServiceTest" name="updateUserWhenUserDoesNotExist" time="0.002"/>
  <system-out/>
  <testcase classname="com.ashok.service.UserServiceTest" name="addUserWhenUserAlreadyExist" time="0.001"/>
  <system-out/>
  <testcase classname="com.ashok.service.UserServiceTest" name="addUserWhenPwdAndCpwdNotEqual" time="0.019"/>
  <system-out/>
  <testcase classname="com.ashok.service.UserServiceTest" name="addUserWhenUserCreatedSuccessfully" time="0.004"/>
  <system-out/>
  <testcase classname="com.ashok.service.UserServiceTest" name="updateUserWhenPwdAndCpwdNotEqual" time="0.003"/>
  <system-out/>
  <testcase classname="com.ashok.service.UserServiceTest" name="updateUserWhenSpecifiedUserGroupDoesNotExist" time="0.001"/>
  <system-out/>
</testsuite> <!-- com.ashok.service.UserServiceTest -->
